CRITICAL - 2022-02-07 00:17:02 --> Invalid file: ////.php
#0 C:\Users\Kanokphon\Desktop\riceproject\system\View\View.php(198): CodeIgniter\Exceptions\FrameworkException::forInvalidFile('////.php')
#1 C:\Users\Kanokphon\Desktop\riceproject\system\Common.php(1089): CodeIgniter\View\View->render('////', Array, true)
#2 C:\Users\Kanokphon\Desktop\riceproject\app\Controllers\Home.php(9): view('////')
#3 C:\Users\Kanokphon\Desktop\riceproject\system\CodeIgniter.php(825): App\Controllers\Home->index()
#4 C:\Users\Kanokphon\Desktop\riceproject\system\CodeIgniter.php(412): CodeIgniter\CodeIgniter->runController(Object(App\Controllers\Home))
#5 C:\Users\Kanokphon\Desktop\riceproject\system\CodeIgniter.php(320): CodeIgniter\CodeIgniter->handleRequest(NULL, Object(Config\Cache), false)
#6 C:\Users\Kanokphon\Desktop\riceproject\public\index.php(37): CodeIgniter\CodeIgniter->run()
#7 C:\Users\Kanokphon\Desktop\riceproject\system\Commands\Server\rewrite.php(43): require_once('C:\\Users\\Kanokp...')
#8 {main}
CRITICAL - 2022-02-07 00:17:11 --> Invalid file: ////.php
#0 C:\Users\Kanokphon\Desktop\riceproject\system\View\View.php(198): CodeIgniter\Exceptions\FrameworkException::forInvalidFile('////.php')
#1 C:\Users\Kanokphon\Desktop\riceproject\system\Common.php(1089): CodeIgniter\View\View->render('////', Array, true)
#2 C:\Users\Kanokphon\Desktop\riceproject\app\Controllers\Home.php(9): view('////')
#3 C:\Users\Kanokphon\Desktop\riceproject\system\CodeIgniter.php(825): App\Controllers\Home->index()
#4 C:\Users\Kanokphon\Desktop\riceproject\system\CodeIgniter.php(412): CodeIgniter\CodeIgniter->runController(Object(App\Controllers\Home))
#5 C:\Users\Kanokphon\Desktop\riceproject\system\CodeIgniter.php(320): CodeIgniter\CodeIgniter->handleRequest(NULL, Object(Config\Cache), false)
#6 C:\Users\Kanokphon\Desktop\riceproject\public\index.php(37): CodeIgniter\CodeIgniter->run()
#7 C:\Users\Kanokphon\Desktop\riceproject\system\Commands\Server\rewrite.php(43): require_once('C:\\Users\\Kanokp...')
#8 {main}
CRITICAL - 2022-02-07 01:01:50 --> Undefined variable $Group
#0 C:\Users\Kanokphon\Desktop\riceproject\app\Views\seemore.php(31): CodeIgniter\Debug\Exceptions->errorHandler(2, 'Undefined varia...', 'C:\\Users\\Kanokp...', 31)
#1 C:\Users\Kanokphon\Desktop\riceproject\system\View\View.php(210): include('C:\\Users\\Kanokp...')
#2 C:\Users\Kanokphon\Desktop\riceproject\system\View\View.php(213): CodeIgniter\View\View->CodeIgniter\View\{closure}()
#3 C:\Users\Kanokphon\Desktop\riceproject\system\Common.php(1089): CodeIgniter\View\View->render('seemore', Array, true)
#4 C:\Users\Kanokphon\Desktop\riceproject\app\Controllers\UnitCRUD.php(10): view('seemore', Array)
#5 C:\Users\Kanokphon\Desktop\riceproject\system\CodeIgniter.php(825): App\Controllers\UnitCRUD->index('1')
#6 C:\Users\Kanokphon\Desktop\riceproject\system\CodeIgniter.php(412): CodeIgniter\CodeIgniter->runController(Object(App\Controllers\UnitCRUD))
#7 C:\Users\Kanokphon\Desktop\riceproject\system\CodeIgniter.php(320): CodeIgniter\CodeIgniter->handleRequest(NULL, Object(Config\Cache), false)
#8 C:\Users\Kanokphon\Desktop\riceproject\public\index.php(37): CodeIgniter\CodeIgniter->run()
#9 C:\Users\Kanokphon\Desktop\riceproject\system\Commands\Server\rewrite.php(43): require_once('C:\\Users\\Kanokp...')
#10 {main}
CRITICAL - 2022-02-07 01:02:57 --> Undefined array key "km_id"
#0 C:\Users\Kanokphon\Desktop\riceproject\app\Views\seemore.php(32): CodeIgniter\Debug\Exceptions->errorHandler(2, 'Undefined array...', 'C:\\Users\\Kanokp...', 32)
#1 C:\Users\Kanokphon\Desktop\riceproject\system\View\View.php(210): include('C:\\Users\\Kanokp...')
#2 C:\Users\Kanokphon\Desktop\riceproject\system\View\View.php(213): CodeIgniter\View\View->CodeIgniter\View\{closure}()
#3 C:\Users\Kanokphon\Desktop\riceproject\system\Common.php(1089): CodeIgniter\View\View->render('seemore', Array, true)
#4 C:\Users\Kanokphon\Desktop\riceproject\app\Controllers\UnitCRUD.php(10): view('seemore', Array)
#5 C:\Users\Kanokphon\Desktop\riceproject\system\CodeIgniter.php(825): App\Controllers\UnitCRUD->index('1')
#6 C:\Users\Kanokphon\Desktop\riceproject\system\CodeIgniter.php(412): CodeIgniter\CodeIgniter->runController(Object(App\Controllers\UnitCRUD))
#7 C:\Users\Kanokphon\Desktop\riceproject\system\CodeIgniter.php(320): CodeIgniter\CodeIgniter->handleRequest(NULL, Object(Config\Cache), false)
#8 C:\Users\Kanokphon\Desktop\riceproject\public\index.php(37): CodeIgniter\CodeIgniter->run()
#9 C:\Users\Kanokphon\Desktop\riceproject\system\Commands\Server\rewrite.php(43): require_once('C:\\Users\\Kanokp...')
#10 {main}
CRITICAL - 2022-02-07 01:04:01 --> Undefined array key "km_id"
#0 C:\Users\Kanokphon\Desktop\riceproject\app\Views\seemore.php(32): CodeIgniter\Debug\Exceptions->errorHandler(2, 'Undefined array...', 'C:\\Users\\Kanokp...', 32)
#1 C:\Users\Kanokphon\Desktop\riceproject\system\View\View.php(210): include('C:\\Users\\Kanokp...')
#2 C:\Users\Kanokphon\Desktop\riceproject\system\View\View.php(213): CodeIgniter\View\View->CodeIgniter\View\{closure}()
#3 C:\Users\Kanokphon\Desktop\riceproject\system\Common.php(1089): CodeIgniter\View\View->render('seemore', Array, true)
#4 C:\Users\Kanokphon\Desktop\riceproject\app\Controllers\UnitCRUD.php(10): view('seemore', Array)
#5 C:\Users\Kanokphon\Desktop\riceproject\system\CodeIgniter.php(825): App\Controllers\UnitCRUD->index('1')
#6 C:\Users\Kanokphon\Desktop\riceproject\system\CodeIgniter.php(412): CodeIgniter\CodeIgniter->runController(Object(App\Controllers\UnitCRUD))
#7 C:\Users\Kanokphon\Desktop\riceproject\system\CodeIgniter.php(320): CodeIgniter\CodeIgniter->handleRequest(NULL, Object(Config\Cache), false)
#8 C:\Users\Kanokphon\Desktop\riceproject\public\index.php(37): CodeIgniter\CodeIgniter->run()
#9 C:\Users\Kanokphon\Desktop\riceproject\system\Commands\Server\rewrite.php(43): require_once('C:\\Users\\Kanokp...')
#10 {main}
CRITICAL - 2022-02-07 01:04:07 --> Undefined array key "km_id"
#0 C:\Users\Kanokphon\Desktop\riceproject\app\Views\seemore.php(32): CodeIgniter\Debug\Exceptions->errorHandler(2, 'Undefined array...', 'C:\\Users\\Kanokp...', 32)
#1 C:\Users\Kanokphon\Desktop\riceproject\system\View\View.php(210): include('C:\\Users\\Kanokp...')
#2 C:\Users\Kanokphon\Desktop\riceproject\system\View\View.php(213): CodeIgniter\View\View->CodeIgniter\View\{closure}()
#3 C:\Users\Kanokphon\Desktop\riceproject\system\Common.php(1089): CodeIgniter\View\View->render('seemore', Array, true)
#4 C:\Users\Kanokphon\Desktop\riceproject\app\Controllers\UnitCRUD.php(10): view('seemore', Array)
#5 C:\Users\Kanokphon\Desktop\riceproject\system\CodeIgniter.php(825): App\Controllers\UnitCRUD->index('1')
#6 C:\Users\Kanokphon\Desktop\riceproject\system\CodeIgniter.php(412): CodeIgniter\CodeIgniter->runController(Object(App\Controllers\UnitCRUD))
#7 C:\Users\Kanokphon\Desktop\riceproject\system\CodeIgniter.php(320): CodeIgniter\CodeIgniter->handleRequest(NULL, Object(Config\Cache), false)
#8 C:\Users\Kanokphon\Desktop\riceproject\public\index.php(37): CodeIgniter\CodeIgniter->run()
#9 C:\Users\Kanokphon\Desktop\riceproject\system\Commands\Server\rewrite.php(43): require_once('C:\\Users\\Kanokp...')
#10 {main}
CRITICAL - 2022-02-07 01:05:52 --> Undefined variable $Group
#0 C:\Users\Kanokphon\Desktop\riceproject\app\Views\seemore.php(31): CodeIgniter\Debug\Exceptions->errorHandler(2, 'Undefined varia...', 'C:\\Users\\Kanokp...', 31)
#1 C:\Users\Kanokphon\Desktop\riceproject\system\View\View.php(210): include('C:\\Users\\Kanokp...')
#2 C:\Users\Kanokphon\Desktop\riceproject\system\View\View.php(213): CodeIgniter\View\View->CodeIgniter\View\{closure}()
#3 C:\Users\Kanokphon\Desktop\riceproject\system\Common.php(1089): CodeIgniter\View\View->render('seemore', Array, true)
#4 C:\Users\Kanokphon\Desktop\riceproject\app\Controllers\UnitCRUD.php(10): view('seemore', Array)
#5 C:\Users\Kanokphon\Desktop\riceproject\system\CodeIgniter.php(825): App\Controllers\UnitCRUD->index('1')
#6 C:\Users\Kanokphon\Desktop\riceproject\system\CodeIgniter.php(412): CodeIgniter\CodeIgniter->runController(Object(App\Controllers\UnitCRUD))
#7 C:\Users\Kanokphon\Desktop\riceproject\system\CodeIgniter.php(320): CodeIgniter\CodeIgniter->handleRequest(NULL, Object(Config\Cache), false)
#8 C:\Users\Kanokphon\Desktop\riceproject\public\index.php(37): CodeIgniter\CodeIgniter->run()
#9 C:\Users\Kanokphon\Desktop\riceproject\system\Commands\Server\rewrite.php(43): require_once('C:\\Users\\Kanokp...')
#10 {main}
CRITICAL - 2022-02-07 01:13:07 --> Undefined variable $group
#0 C:\Users\Kanokphon\Desktop\riceproject\app\Views\seemore.php(38): CodeIgniter\Debug\Exceptions->errorHandler(2, 'Undefined varia...', 'C:\\Users\\Kanokp...', 38)
#1 C:\Users\Kanokphon\Desktop\riceproject\system\View\View.php(210): include('C:\\Users\\Kanokp...')
#2 C:\Users\Kanokphon\Desktop\riceproject\system\View\View.php(213): CodeIgniter\View\View->CodeIgniter\View\{closure}()
#3 C:\Users\Kanokphon\Desktop\riceproject\system\Common.php(1089): CodeIgniter\View\View->render('seemore', Array, true)
#4 C:\Users\Kanokphon\Desktop\riceproject\app\Controllers\UnitCRUD.php(10): view('seemore', Array)
#5 C:\Users\Kanokphon\Desktop\riceproject\system\CodeIgniter.php(825): App\Controllers\UnitCRUD->index('1')
#6 C:\Users\Kanokphon\Desktop\riceproject\system\CodeIgniter.php(412): CodeIgniter\CodeIgniter->runController(Object(App\Controllers\UnitCRUD))
#7 C:\Users\Kanokphon\Desktop\riceproject\system\CodeIgniter.php(320): CodeIgniter\CodeIgniter->handleRequest(NULL, Object(Config\Cache), false)
#8 C:\Users\Kanokphon\Desktop\riceproject\public\index.php(37): CodeIgniter\CodeIgniter->run()
#9 C:\Users\Kanokphon\Desktop\riceproject\system\Commands\Server\rewrite.php(43): require_once('C:\\Users\\Kanokp...')
#10 {main}
ERROR - 2022-02-07 02:55:15 --> Column 'km_group' cannot be null
